[2024-08-15T14:49:50.931Z] warn: Trying to close a non-open connection
[2024-08-15T14:50:24.648Z] warn: Trying to close a non-open connection
[2024-08-15T14:50:38.842Z] warn: Trying to close a non-open connection
[2024-08-15T14:51:31.849Z] warn: Trying to close a non-open connection
[2024-08-22T18:20:25.666Z] warn: Trying to close a non-open connection
[2024-08-22T18:30:17.876Z] info: Получаем инфу про пользователя из бд(clicker)
[2024-08-22T18:30:17.879Z] info: Connection to DB is created
[2024-08-22T18:30:18.329Z] debug: Executed query: SELECT * FROM main WHERE user_id = 1573326142
[2024-08-22T18:30:18.330Z] info: "Пользователь уже есть, отправляем данные
[2024-08-22T18:36:35.127Z] info: Connection to DB is closed
[2024-08-22T18:36:48.235Z] info: Получаем инфу про пользователя из бд(clicker)
[2024-08-22T18:36:48.240Z] info: Connection to DB is created
[2024-08-22T18:36:48.581Z] debug: Executed query: SELECT * FROM main WHERE user_id = 1573326142
[2024-08-22T18:36:48.582Z] info: "Пользователь уже есть, отправляем данные
[2024-08-22T18:37:01.461Z] info: Connection to DB is closed
[2024-08-22T18:37:03.971Z] warn: Trying to close a non-open connection
[2024-08-22T18:37:16.745Z] info: Получаем инфу про пользователя из бд(clicker)
[2024-08-22T18:37:16.749Z] info: Connection to DB is created
[2024-08-22T18:37:17.084Z] debug: Executed query: SELECT * FROM main WHERE user_id = 1573326142
[2024-08-22T18:37:17.085Z] info: "Пользователь уже есть, отправляем данные
[2024-08-22T18:38:48.303Z] info: Connection to DB is closed
[2024-08-22T18:38:54.340Z] info: Получаем инфу про пользователя из бд(clicker)
[2024-08-22T18:38:54.344Z] info: Connection to DB is created
[2024-08-22T18:38:54.725Z] debug: Executed query: SELECT * FROM main WHERE user_id = 1573326142
[2024-08-22T18:38:54.726Z] info: "Пользователь уже есть, отправляем данные
[2024-08-22T18:41:31.998Z] info: Connection to DB is closed
[2024-08-22T18:47:42.466Z] info: Получаем список друзей
[2024-08-22T18:47:42.472Z] info: Connection to DB is created
[2024-08-22T18:47:42.747Z] debug: Executed query: SELECT * FROM ref WHERE referent_id = 1573326140
[2024-08-22T18:47:45.368Z] info: Получаем список друзей
[2024-08-22T18:47:45.419Z] debug: Executed query: SELECT * FROM ref WHERE referent_id = 1573326142
[2024-08-22T18:48:01.048Z] info: Connection to DB is closed
[2024-08-22T18:53:20.772Z] info: Получаем список друзей
[2024-08-22T18:53:20.776Z] info: Connection to DB is created
[2024-08-22T18:53:21.081Z] debug: Executed query: SELECT * FROM ref WHERE referent_id = 1573326142
[2024-08-22T18:53:26.577Z] info: Получаем инфу про пользователя из бд(clicker)
[2024-08-22T18:53:26.673Z] debug: Executed query: SELECT * FROM main WHERE user_id = 1573326142
[2024-08-22T18:53:26.675Z] info: "Пользователь уже есть, отправляем данные
